This is pdfTeX, Version 3.14159265-2.6-1.40.21 (TeX Live 2020) (preloaded format=pdflatex 2020.4.7)  15 JUN 2021 16:18
entering extended mode
 restricted \write18 enabled.
 file:line:error style messages enabled.
 %&-line parsing enabled.
**dissertation.tex
(./dissertation.tex
LaTeX2e <2020-02-02> patch level 5
L3 programming layer <2020-03-06> (./sty/ucthesis-CA2012.cls

LaTeX Warning: You have requested document class `sty/ucthesis-CA2012',
               but the document class provides `ucthesis-CA2012'.

Document Class: ucthesis-CA2012 2012/05/08 Revision by Curtis Asplund of 1996/0
6/26 JTW's modification of 1994/10/31 v3.0 University of California Thesis Clas
s
(/usr/local/texlive/2020/texmf-dist/tex/latex/ucthesis/uct12.clo)
\c@part=\count167
\c@chapter=\count168
\c@section=\count169
\c@subsection=\count170
\c@subsubsection=\count171
\c@paragraph=\count172
\c@subparagraph=\count173
\abovecaptionskip=\skip47
\belowcaptionskip=\skip48
\c@figure=\count174
\c@table=\count175
LaTeX Info: Redefining \rm on input line 1080.
LaTeX Info: Redefining \sf on input line 1081.
LaTeX Info: Redefining \tt on input line 1082.
LaTeX Info: Redefining \bf on input line 1083.
LaTeX Info: Redefining \it on input line 1084.
LaTeX Info: Redefining \sl on input line 1085.
LaTeX Info: Redefining \sc on input line 1086.
)
(/usr/local/texlive/2020/texmf-dist/tex/latex/subfig/subfig.sty
Package: subfig 2005/06/28 ver: 1.3 subfig package

(/usr/local/texlive/2020/texmf-dist/tex/latex/graphics/keyval.sty
Package: keyval 2014/10/28 v1.15 key=value parser (DPC)
\KV@toks@=\toks15
)
(/usr/local/texlive/2020/texmf-dist/tex/latex/caption/caption3.sty
Package: caption3 2020/01/03 v1.8h caption3 kernel (AR)
Package caption3 Info: TeX engine: e-TeX on input line 61.
\captionmargin=\dimen134
\captionmargin@=\dimen135
\captionwidth=\dimen136
\caption@tempdima=\dimen137
\caption@indent=\dimen138
\caption@parindent=\dimen139
\caption@hangindent=\dimen140
Package caption Info: Unknown document class (or package),
(caption)             standard defaults will be used.
Package caption Info: \@makecaption = \long macro:#1#2->\vskip \abovecaptionski
p \sbox \@tempboxa {\smallssp {#1}: #2}\ifdim \wd \@tempboxa >\hsize \hbox to\h
size {\hfil {\parbox {0.9\textwidth }{\smallssp \unhbox \@tempboxa }}\hfil } \e
lse \hbox to\hsize {\hfil \box \@tempboxa \hfil } \fi \vskip \belowcaptionskip 
 on input line 1082.
)
\c@KVtest=\count176
\sf@farskip=\skip49
\sf@captopadj=\dimen141
\sf@capskip=\skip50
\sf@nearskip=\skip51
\c@subfigure=\count177
\c@subfigure@save=\count178
\c@lofdepth=\count179
\c@subtable=\count180
\c@subtable@save=\count181
\c@lotdepth=\count182
\sf@top=\skip52
\sf@bottom=\skip53
)
(/usr/local/texlive/2020/texmf-dist/tex/latex/fancyhdr/fancyhdr.sty
Package: fancyhdr 2019/01/31 v3.10 Extensive control of page headers and footer
s
\f@nch@headwidth=\skip54
\f@nch@O@elh=\skip55
\f@nch@O@erh=\skip56
\f@nch@O@olh=\skip57
\f@nch@O@orh=\skip58
\f@nch@O@elf=\skip59
\f@nch@O@erf=\skip60
\f@nch@O@olf=\skip61
\f@nch@O@orf=\skip62
)
(/usr/local/texlive/2020/texmf-dist/tex/latex/hyperref/hyperref.sty
Package: hyperref 2020/01/14 v7.00d Hypertext links for LaTeX

(/usr/local/texlive/2020/texmf-dist/tex/generic/ltxcmds/ltxcmds.sty
Package: ltxcmds 2019/12/15 v1.24 LaTeX kernel commands for general use (HO)
)
(/usr/local/texlive/2020/texmf-dist/tex/generic/iftex/iftex.sty
Package: iftex 2020/03/06 v1.0d TeX engine tests
)
(/usr/local/texlive/2020/texmf-dist/tex/latex/pdftexcmds/pdftexcmds.sty
Package: pdftexcmds 2019/11/24 v0.31 Utility functions of pdfTeX for LuaTeX (HO
)

(/usr/local/texlive/2020/texmf-dist/tex/generic/infwarerr/infwarerr.sty
Package: infwarerr 2019/12/03 v1.5 Providing info/warning/error messages (HO)
)
Package pdftexcmds Info: \pdf@primitive is available.
Package pdftexcmds Info: \pdf@ifprimitive is available.
Package pdftexcmds Info: \pdfdraftmode found.
)
(/usr/local/texlive/2020/texmf-dist/tex/generic/kvsetkeys/kvsetkeys.sty
Package: kvsetkeys 2019/12/15 v1.18 Key value parser (HO)
)
(/usr/local/texlive/2020/texmf-dist/tex/generic/kvdefinekeys/kvdefinekeys.sty
Package: kvdefinekeys 2019-12-19 v1.6 Define keys (HO)
)
(/usr/local/texlive/2020/texmf-dist/tex/generic/pdfescape/pdfescape.sty
Package: pdfescape 2019/12/09 v1.15 Implements pdfTeX's escape features (HO)
)
(/usr/local/texlive/2020/texmf-dist/tex/latex/hycolor/hycolor.sty
Package: hycolor 2020-01-27 v1.10 Color options for hyperref/bookmark (HO)
)
(/usr/local/texlive/2020/texmf-dist/tex/latex/letltxmacro/letltxmacro.sty
Package: letltxmacro 2019/12/03 v1.6 Let assignment for LaTeX macros (HO)
)
(/usr/local/texlive/2020/texmf-dist/tex/latex/auxhook/auxhook.sty
Package: auxhook 2019-12-17 v1.6 Hooks for auxiliary files (HO)
)
(/usr/local/texlive/2020/texmf-dist/tex/latex/kvoptions/kvoptions.sty
Package: kvoptions 2019/11/29 v3.13 Key value format for package options (HO)
)
\@linkdim=\dimen142
\Hy@linkcounter=\count183
\Hy@pagecounter=\count184

(/usr/local/texlive/2020/texmf-dist/tex/latex/hyperref/pd1enc.def
File: pd1enc.def 2020/01/14 v7.00d Hyperref: PDFDocEncoding definition (HO)
Now handling font encoding PD1 ...
... no UTF-8 mapping file for font encoding PD1
)
(/usr/local/texlive/2020/texmf-dist/tex/generic/intcalc/intcalc.sty
Package: intcalc 2019/12/15 v1.3 Expandable calculations with integers (HO)
)
(/usr/local/texlive/2020/texmf-dist/tex/generic/etexcmds/etexcmds.sty
Package: etexcmds 2019/12/15 v1.7 Avoid name clashes with e-TeX commands (HO)
)
\Hy@SavedSpaceFactor=\count185
Package hyperref Info: Option `final' set `true' on input line 4421.
Package hyperref Info: Hyper figures OFF on input line 4547.
Package hyperref Info: Link nesting OFF on input line 4552.
Package hyperref Info: Hyper index ON on input line 4555.
Package hyperref Info: Plain pages OFF on input line 4562.
Package hyperref Info: Backreferencing OFF on input line 4567.
Package hyperref Info: Implicit mode ON; LaTeX internals redefined.
Package hyperref Info: Bookmarks ON on input line 4800.
\c@Hy@tempcnt=\count186

(/usr/local/texlive/2020/texmf-dist/tex/latex/url/url.sty
\Urlmuskip=\muskip16
Package: url 2013/09/16  ver 3.4  Verb mode for urls, etc.
)
LaTeX Info: Redefining \url on input line 5159.
\XeTeXLinkMargin=\dimen143

(/usr/local/texlive/2020/texmf-dist/tex/generic/bitset/bitset.sty
Package: bitset 2019/12/09 v1.3 Handle bit-vector datatype (HO)

(/usr/local/texlive/2020/texmf-dist/tex/generic/bigintcalc/bigintcalc.sty
Package: bigintcalc 2019/12/15 v1.5 Expandable calculations on big integers (HO
)
))
\Fld@menulength=\count187
\Field@Width=\dimen144
\Fld@charsize=\dimen145
Package hyperref Info: Hyper figures OFF on input line 6430.
Package hyperref Info: Link nesting OFF on input line 6435.
Package hyperref Info: Hyper index ON on input line 6438.
Package hyperref Info: backreferencing OFF on input line 6445.
Package hyperref Info: Link coloring OFF on input line 6450.
Package hyperref Info: Link coloring with OCG OFF on input line 6455.
Package hyperref Info: PDF/A mode OFF on input line 6460.
LaTeX Info: Redefining \ref on input line 6500.
LaTeX Info: Redefining \pageref on input line 6504.

(/usr/local/texlive/2020/texmf-dist/tex/generic/atbegshi/atbegshi.sty
Package: atbegshi 2019/12/05 v1.19 At begin shipout hook (HO)
)
\Hy@abspage=\count188
\c@Item=\count189
\c@Hfootnote=\count190
)
Package hyperref Info: Driver (autodetected): hpdftex.

(/usr/local/texlive/2020/texmf-dist/tex/latex/hyperref/hpdftex.def
File: hpdftex.def 2020/01/14 v7.00d Hyperref driver for pdfTeX

(/usr/local/texlive/2020/texmf-dist/tex/latex/atveryend/atveryend.sty
Package: atveryend 2019-12-11 v1.11 Hooks at the very end of document (HO)
Package atveryend Info: \enddocument detected (standard20110627).
)
\Fld@listcount=\count191
\c@bookmark@seq@number=\count192

(/usr/local/texlive/2020/texmf-dist/tex/latex/rerunfilecheck/rerunfilecheck.sty
Package: rerunfilecheck 2019/12/05 v1.9 Rerun checks for auxiliary files (HO)

(/usr/local/texlive/2020/texmf-dist/tex/generic/uniquecounter/uniquecounter.sty
Package: uniquecounter 2019/12/15 v1.4 Provide unlimited unique counter (HO)
)
Package uniquecounter Info: New unique counter `rerunfilecheck' on input line 2
86.
)
\Hy@SectionHShift=\skip63
) (/usr/local/texlive/2020/texmf-dist/tex/latex/amsmath/amsmath.sty
Package: amsmath 2020/01/20 v2.17e AMS math features
\@mathmargin=\skip64

For additional information on amsmath, use the `?' option.
(/usr/local/texlive/2020/texmf-dist/tex/latex/amsmath/amstext.sty
Package: amstext 2000/06/29 v2.01 AMS text

(/usr/local/texlive/2020/texmf-dist/tex/latex/amsmath/amsgen.sty
File: amsgen.sty 1999/11/30 v2.0 generic functions
\@emptytoks=\toks16
\ex@=\dimen146
))
(/usr/local/texlive/2020/texmf-dist/tex/latex/amsmath/amsbsy.sty
Package: amsbsy 1999/11/29 v1.2d Bold Symbols
\pmbraise@=\dimen147
)
(/usr/local/texlive/2020/texmf-dist/tex/latex/amsmath/amsopn.sty
Package: amsopn 2016/03/08 v2.02 operator names
)
\inf@bad=\count193
LaTeX Info: Redefining \frac on input line 227.
\uproot@=\count194
\leftroot@=\count195
LaTeX Info: Redefining \overline on input line 389.
\classnum@=\count196
\DOTSCASE@=\count197
LaTeX Info: Redefining \ldots on input line 486.
LaTeX Info: Redefining \dots on input line 489.
LaTeX Info: Redefining \cdots on input line 610.
\Mathstrutbox@=\box45
\strutbox@=\box46
\big@size=\dimen148
LaTeX Font Info:    Redeclaring font encoding OML on input line 733.
LaTeX Font Info:    Redeclaring font encoding OMS on input line 734.
\macc@depth=\count198
\c@MaxMatrixCols=\count199
\dotsspace@=\muskip17
\c@parentequation=\count266
\dspbrk@lvl=\count267
\tag@help=\toks17
\row@=\count268
\column@=\count269
\maxfields@=\count270
\andhelp@=\toks18
\eqnshift@=\dimen149
\alignsep@=\dimen150
\tagshift@=\dimen151
\tagwidth@=\dimen152
\totwidth@=\dimen153
\lineht@=\dimen154
\@envbody=\toks19
\multlinegap=\skip65
\multlinetaggap=\skip66
\mathdisplay@stack=\toks20
LaTeX Info: Redefining \[ on input line 2859.
LaTeX Info: Redefining \] on input line 2860.
)
(/usr/local/texlive/2020/texmf-dist/tex/latex/amsfonts/amssymb.sty
Package: amssymb 2013/01/14 v3.01 AMS font symbols

(/usr/local/texlive/2020/texmf-dist/tex/latex/amsfonts/amsfonts.sty
Package: amsfonts 2013/01/14 v3.01 Basic AMSFonts support
\symAMSa=\mathgroup4
\symAMSb=\mathgroup5
LaTeX Font Info:    Redeclaring math symbol \hbar on input line 98.
LaTeX Font Info:    Overwriting math alphabet `\mathfrak' in version `bold'
(Font)                  U/euf/m/n --> U/euf/b/n on input line 106.
))
(/usr/local/texlive/2020/texmf-dist/tex/latex/graphics/graphicx.sty
Package: graphicx 2019/11/30 v1.2a Enhanced LaTeX Graphics (DPC,SPQR)

(/usr/local/texlive/2020/texmf-dist/tex/latex/graphics/graphics.sty
Package: graphics 2019/11/30 v1.4a Standard LaTeX Graphics (DPC,SPQR)

(/usr/local/texlive/2020/texmf-dist/tex/latex/graphics/trig.sty
Package: trig 2016/01/03 v1.10 sin cos tan (DPC)
)
(/usr/local/texlive/2020/texmf-dist/tex/latex/graphics-cfg/graphics.cfg
File: graphics.cfg 2016/06/04 v1.11 sample graphics configuration
)
Package graphics Info: Driver file: pdftex.def on input line 105.

(/usr/local/texlive/2020/texmf-dist/tex/latex/graphics-def/pdftex.def
File: pdftex.def 2018/01/08 v1.0l Graphics/color driver for pdftex
))
\Gin@req@height=\dimen155
\Gin@req@width=\dimen156
)
(/usr/local/texlive/2020/texmf-dist/tex/latex/tools/xspace.sty
Package: xspace 2014/10/28 v1.13 Space after command names (DPC,MH)
)
(/usr/local/texlive/2020/texmf-dist/tex/latex/braket/braket.sty)
(/usr/local/texlive/2020/texmf-dist/tex/latex/graphics/color.sty
Package: color 2019/11/23 v1.2a Standard LaTeX Color (DPC)

(/usr/local/texlive/2020/texmf-dist/tex/latex/graphics-cfg/color.cfg
File: color.cfg 2016/01/02 v1.6 sample color configuration
)
Package color Info: Driver file: pdftex.def on input line 147.
)
(/usr/local/texlive/2020/texmf-dist/tex/latex/setspace/setspace.sty
Package: setspace 2011/12/19 v6.7a set line spacing
)
(/usr/local/texlive/2020/texmf-dist/tex/latex/chngcntr/chngcntr.sty
Package: chngcntr 2018/04/09 v1.1a change counter resetting
Package chngcntr Info: \counterwithout already defined.
(chngcntr)             Quitting chngcntr on input line 21.
)
(/usr/local/texlive/2020/texmf-dist/tex/latex/siunitx/siunitx.sty
(/usr/local/texlive/2020/texmf-dist/tex/latex/l3kernel/expl3.sty
Package: expl3 2020-03-06 L3 programming layer (loader) 

(/usr/local/texlive/2020/texmf-dist/tex/latex/l3backend/l3backend-pdfmode.def
File: l3backend-pdfmode.def 2020-03-12 L3 backend support: PDF mode
\l__kernel_color_stack_int=\count271
\l__pdf_internal_box=\box47
)) (/usr/local/texlive/2020/texmf-dist/tex/latex/l3packages/xparse/xparse.sty
Package: xparse 2020-03-06 L3 Experimental document command parser
\l__xparse_current_arg_int=\count272
\g__xparse_grabber_int=\count273
\l__xparse_m_args_int=\count274
\l__xparse_v_nesting_int=\count275
)
Package: siunitx 2020/02/25 v2.8b A comprehensive (SI) units package

(/usr/local/texlive/2020/texmf-dist/tex/latex/tools/array.sty
Package: array 2019/08/31 v2.4l Tabular extension package (FMi)
\col@sep=\dimen157
\ar@mcellbox=\box48
\extrarowheight=\dimen158
\NC@list=\toks21
\extratabsurround=\skip67
\backup@length=\skip68
\ar@cellbox=\box49
)
(/usr/local/texlive/2020/texmf-dist/tex/latex/l3packages/l3keys2e/l3keys2e.sty
Package: l3keys2e 2020-03-06 LaTeX2e option processing using LaTeX3 keys
)
\l__siunitx_tmp_box=\box50
\l__siunitx_tmp_dim=\dimen159
\l__siunitx_tmp_int=\count276
\l__siunitx_number_mantissa_length_int=\count277
\l__siunitx_number_uncert_length_int=\count278
\l__siunitx_round_int=\count279
\l__siunitx_process_decimal_int=\count280
\l__siunitx_process_uncertainty_int=\count281
\l__siunitx_process_fixed_int=\count282
\l__siunitx_process_integer_min_int=\count283
\l__siunitx_process_precision_int=\count284
\l__siunitx_group_min_int=\count285
\l__siunitx_angle_marker_box=\box51
\l__siunitx_angle_unit_box=\box52
\l__siunitx_angle_marker_dim=\dimen160
\l__siunitx_angle_unit_dim=\dimen161
\l__siunitx_unit_int=\count286
\l__siunitx_unit_denominator_int=\count287
\l__siunitx_unit_numerator_int=\count288
\l__siunitx_unit_prefix_int=\count289
\l__siunitx_unit_prefix_base_int=\count290
\l__siunitx_unit_prefix_gram_int=\count291
\l__siunitx_number_product_int=\count292
\c__siunitx_one_fill_skip=\skip69
\l__siunitx_table_unit_align_skip=\skip70
\l__siunitx_table_exponent_dim=\dimen162
\l__siunitx_table_integer_dim=\dimen163
\l__siunitx_table_mantissa_dim=\dimen164
\l__siunitx_table_marker_dim=\dimen165
\l__siunitx_table_result_dim=\dimen166
\l__siunitx_table_uncert_dim=\dimen167
\l__siunitx_table_fill_pre_dim=\dimen168
\l__siunitx_table_fill_post_dim=\dimen169
\l__siunitx_table_fill_mid_dim=\dimen170
\l__siunitx_table_pre_box=\box53
\l__siunitx_table_post_box=\box54
\l__siunitx_table_mantissa_box=\box55
\l__siunitx_table_result_box=\box56
\l__siunitx_table_number_align_skip=\skip71
\l__siunitx_table_text_align_skip=\skip72
(/usr/local/texlive/2020/texmf-dist/tex/latex/translator/translator.sty
Package: translator 2019-05-31 v1.12a Easy translation of strings in LaTeX
))
(/usr/local/texlive/2020/texmf-dist/tex/latex/natbib/natbib.sty
Package: natbib 2010/09/13 8.31b (PWD, AO)
\bibhang=\skip73
\bibsep=\skip74
LaTeX Info: Redefining \cite on input line 694.
\c@NAT@ctr=\count293
)
(/usr/local/texlive/2020/texmf-dist/tex/latex/adjustbox/adjustbox.sty
Package: adjustbox 2019/01/04 v1.2 Adjusting TeX boxes (trim, clip, ...)

(/usr/local/texlive/2020/texmf-dist/tex/latex/xkeyval/xkeyval.sty
Package: xkeyval 2014/12/03 v2.7a package option processing (HA)

(/usr/local/texlive/2020/texmf-dist/tex/generic/xkeyval/xkeyval.tex
(/usr/local/texlive/2020/texmf-dist/tex/generic/xkeyval/xkvutils.tex
\XKV@toks=\toks22
\XKV@tempa@toks=\toks23
)
\XKV@depth=\count294
File: xkeyval.tex 2014/12/03 v2.7a key=value parser (HA)
))
(/usr/local/texlive/2020/texmf-dist/tex/latex/adjustbox/adjcalc.sty
Package: adjcalc 2012/05/16 v1.1 Provides advanced setlength with multiple back
-ends (calc, etex, pgfmath)
)
(/usr/local/texlive/2020/texmf-dist/tex/latex/adjustbox/trimclip.sty
Package: trimclip 2018/04/08 v1.1 Trim and clip general TeX material

(/usr/local/texlive/2020/texmf-dist/tex/latex/collectbox/collectbox.sty
Package: collectbox 2012/05/17 v0.4b Collect macro arguments as boxes
\collectedbox=\box57
)
\tc@llx=\dimen171
\tc@lly=\dimen172
\tc@urx=\dimen173
\tc@ury=\dimen174
Package trimclip Info: Using driver 'tc-pdftex.def'.

(/usr/local/texlive/2020/texmf-dist/tex/latex/adjustbox/tc-pdftex.def
File: tc-pdftex.def 2019/01/04 v2.2 Clipping driver for pdftex
))
\adjbox@Width=\dimen175
\adjbox@Height=\dimen176
\adjbox@Depth=\dimen177
\adjbox@Totalheight=\dimen178
\adjbox@pwidth=\dimen179
\adjbox@pheight=\dimen180
\adjbox@pdepth=\dimen181
\adjbox@ptotalheight=\dimen182

(/usr/local/texlive/2020/texmf-dist/tex/latex/ifoddpage/ifoddpage.sty
Package: ifoddpage 2016/04/23 v1.1 Conditionals for odd/even page detection
\c@checkoddpage=\count295
)
(/usr/local/texlive/2020/texmf-dist/tex/latex/varwidth/varwidth.sty
Package: varwidth 2009/03/30 ver 0.92;  Variable-width minipages
\@vwid@box=\box58
\sift@deathcycles=\count296
\@vwid@loff=\dimen183
\@vwid@roff=\dimen184
))
(/usr/local/texlive/2020/texmf-dist/tex/latex/makecell/makecell.sty
Package: makecell 2009/08/03 V0.1e Managing of Tab Column Heads and Cells
\rotheadsize=\dimen185
\c@nlinenum=\count297
\TeXr@lab=\toks24
)
(/usr/local/texlive/2020/texmf-dist/tex/latex/glossaries/base/glossaries.sty
Package: glossaries 2020/03/19 v4.46 (NLCT)

(/usr/local/texlive/2020/texmf-dist/tex/latex/base/ifthen.sty
Package: ifthen 2014/09/29 v1.1c Standard LaTeX ifthen package (DPC)
)
(/usr/local/texlive/2020/texmf-dist/tex/latex/mfirstuc/mfirstuc.sty
Package: mfirstuc 2017/11/14 v2.06 (NLCT)

(/usr/local/texlive/2020/texmf-dist/tex/latex/etoolbox/etoolbox.sty
Package: etoolbox 2019/09/21 v2.5h e-TeX tools for LaTeX (JAW)
\etb@tempcnta=\count298
)
\@glsmfirst=\toks25
\@glsmrest=\toks26
)
(/usr/local/texlive/2020/texmf-dist/tex/latex/textcase/textcase.sty
Package: textcase 2019/09/14 v1.00 Text only upper/lower case changing (DPC)
)
(/usr/local/texlive/2020/texmf-dist/tex/latex/xfor/xfor.sty
Package: xfor 2009/02/05 v1.05 (NLCT)
)
(/usr/local/texlive/2020/texmf-dist/tex/latex/datatool/datatool-base.sty
Package: datatool-base 2019/09/27 v2.32 (NLCT)

(/usr/local/texlive/2020/texmf-dist/tex/latex/substr/substr.sty
Package: substr 2009/10/20 v1.2 Handle substrings
\c@su@anzahl=\count299
)
(/usr/local/texlive/2020/texmf-dist/tex/latex/datatool/datatool-fp.sty
Package: datatool-fp 2019/09/27 v2.32 (NLCT)

(/usr/local/texlive/2020/texmf-dist/tex/latex/fp/fp.sty
Package: fp 1995/04/02

`Fixed Point Package', Version 0.8, April 2, 1995 (C) Michael Mehlich
(/usr/local/texlive/2020/texmf-dist/tex/latex/fp/defpattern.sty
Package: defpattern 1994/10/12
\actioncount=\count300
)
(/usr/local/texlive/2020/texmf-dist/tex/latex/fp/fp-basic.sty
Package: fp-basic 1996/05/13
\FP@xs=\count301
\FP@xia=\count302
\FP@xib=\count303
\FP@xfa=\count304
\FP@xfb=\count305
\FP@rega=\count306
\FP@regb=\count307
\FP@regs=\count308
\FP@times=\count309
)
(/usr/local/texlive/2020/texmf-dist/tex/latex/fp/fp-addons.sty
Package: fp-addons 1995/03/15
)
(/usr/local/texlive/2020/texmf-dist/tex/latex/fp/fp-snap.sty
Package: fp-snap 1995/04/05
)
(/usr/local/texlive/2020/texmf-dist/tex/latex/fp/fp-exp.sty
Package: fp-exp 1995/04/03
)
(/usr/local/texlive/2020/texmf-dist/tex/latex/fp/fp-trigo.sty
Package: fp-trigo 1995/04/14
)
(/usr/local/texlive/2020/texmf-dist/tex/latex/fp/fp-pas.sty
Package: fp-pas 1994/08/29
)
(/usr/local/texlive/2020/texmf-dist/tex/latex/fp/fp-random.sty
Package: fp-random 1995/02/23
\FPseed=\count310
)
(/usr/local/texlive/2020/texmf-dist/tex/latex/fp/fp-eqn.sty
Package: fp-eqn 1995/04/03
)
(/usr/local/texlive/2020/texmf-dist/tex/latex/fp/fp-upn.sty
Package: fp-upn 1996/10/21
)
(/usr/local/texlive/2020/texmf-dist/tex/latex/fp/fp-eval.sty
Package: fp-eval 1995/04/03
)))
\@dtl@toks=\toks27
\@dtl@tmpcount=\count311
\dtl@tmplength=\skip75
\dtl@sortresult=\count312
\@dtl@numgrpsepcount=\count313
\@dtl@datatype=\count314
\dtl@codeA=\count315
\dtl@codeB=\count316
\@dtl@foreach@level=\count317
)
(/usr/local/texlive/2020/texmf-dist/tex/latex/glossaries/base/glossaries-compat
ible-307.sty
Package: glossaries-compatible-307 2020/03/19 v4.46 (NLCT)
)
(/usr/local/texlive/2020/texmf-dist/tex/latex/tracklang/tracklang.sty
Package: tracklang 2019/11/30 v1.4 (NLCT) Track Languages

(/usr/local/texlive/2020/texmf-dist/tex/generic/tracklang/tracklang.tex))
(/usr/local/texlive/2020/texmf-dist/tex/latex/glossaries-english/glossaries-eng
lish.ldf
File: glossaries-english.ldf 2014/11/23 v1.0
)
\gls@level=\count318
\@gls@tmpb=\toks28
\gls@tmplen=\skip76
\glskeylisttok=\toks29
\glslabeltok=\toks30
\glsshorttok=\toks31
\glslongtok=\toks32

(/usr/local/texlive/2020/texmf-dist/tex/latex/glossaries/styles/glossary-hypern
av.sty
Package: glossary-hypernav 2020/03/19 v4.46 (NLCT)
)
(/usr/local/texlive/2020/texmf-dist/tex/latex/glossaries/styles/glossary-list.s
ty
Package: glossary-list 2020/03/19 v4.46 (NLCT)
\glslistdottedwidth=\skip77
)
(/usr/local/texlive/2020/texmf-dist/tex/latex/glossaries/styles/glossary-long.s
ty
Package: glossary-long 2020/03/19 v4.46 (NLCT)
 (/usr/local/texlive/2020/texmf-dist/tex/latex/tools/longtable.sty
Package: longtable 2020/01/07 v4.13 Multi-page Table package (DPC)
\LTleft=\skip78
\LTright=\skip79
\LTpre=\skip80
\LTpost=\skip81
\LTchunksize=\count319
\LTcapwidth=\dimen186
\LT@head=\box59
\LT@firsthead=\box60
\LT@foot=\box61
\LT@lastfoot=\box62
\LT@cols=\count320
\LT@rows=\count321
\c@LT@tables=\count322
\c@LT@chunks=\count323
\LT@p@ftn=\toks33
)
\glsdescwidth=\skip82
\glspagelistwidth=\skip83
)
(/usr/local/texlive/2020/texmf-dist/tex/latex/glossaries/styles/glossary-super.
sty
Package: glossary-super 2020/03/19 v4.46 (NLCT)
 (/usr/local/texlive/2020/texmf-dist/tex/latex/supertabular/supertabular.sty
Package: supertabular 2020/02/02 v4.1g the supertabular environment
\c@tracingst=\count324
\ST@wd=\dimen187
\ST@rightskip=\skip84
\ST@leftskip=\skip85
\ST@parfillskip=\skip86
\ST@pageleft=\dimen188
\ST@headht=\dimen189
\ST@tailht=\dimen190
\ST@pagesofar=\dimen191
\ST@pboxht=\dimen192
\ST@lineht=\dimen193
\ST@prevht=\dimen194
\ST@toadd=\dimen195
\ST@dimen=\dimen196
\ST@pbox=\box63
))
(/usr/local/texlive/2020/texmf-dist/tex/latex/glossaries/styles/glossary-tree.s
ty
Package: glossary-tree 2020/03/19 v4.46 (NLCT)
\glstreeindent=\skip87
)) (./dissertation.aux)
\openout1 = `dissertation.aux'.

LaTeX Font Info:    Checking defaults for OML/cmm/m/it on input line 57.
LaTeX Font Info:    ... okay on input line 57.
LaTeX Font Info:    Checking defaults for OMS/cmsy/m/n on input line 57.
LaTeX Font Info:    ... okay on input line 57.
LaTeX Font Info:    Checking defaults for OT1/cmr/m/n on input line 57.
LaTeX Font Info:    ... okay on input line 57.
LaTeX Font Info:    Checking defaults for T1/cmr/m/n on input line 57.
LaTeX Font Info:    ... okay on input line 57.
LaTeX Font Info:    Checking defaults for TS1/cmr/m/n on input line 57.
LaTeX Font Info:    ... okay on input line 57.
LaTeX Font Info:    Checking defaults for OMX/cmex/m/n on input line 57.
LaTeX Font Info:    ... okay on input line 57.
LaTeX Font Info:    Checking defaults for U/cmr/m/n on input line 57.
LaTeX Font Info:    ... okay on input line 57.
LaTeX Font Info:    Checking defaults for PD1/pdf/m/n on input line 57.
LaTeX Font Info:    ... okay on input line 57.
Package caption Info: Begin \AtBeginDocument code.
Package caption Info: subfig package v1.3 is loaded.
Package caption Info: End \AtBeginDocument code.
\AtBeginShipoutBox=\box64
Package hyperref Info: Link coloring OFF on input line 57.

(/usr/local/texlive/2020/texmf-dist/tex/latex/hyperref/nameref.sty
Package: nameref 2019/09/16 v2.46 Cross-referencing by name of section

(/usr/local/texlive/2020/texmf-dist/tex/latex/refcount/refcount.sty
Package: refcount 2019/12/15 v3.6 Data extraction from label references (HO)
)
(/usr/local/texlive/2020/texmf-dist/tex/generic/gettitlestring/gettitlestring.s
ty
Package: gettitlestring 2019/12/15 v1.6 Cleanup title references (HO)
)
\c@section@level=\count325
)
LaTeX Info: Redefining \ref on input line 57.
LaTeX Info: Redefining \pageref on input line 57.
LaTeX Info: Redefining \nameref on input line 57.
 (./dissertation.out) (./dissertation.out)
\@outlinefile=\write3
\openout3 = `dissertation.out'.


(/usr/local/texlive/2020/texmf-dist/tex/context/base/mkii/supp-pdf.mkii
[Loading MPS to PDF converter (version 2006.09.02).]
\scratchcounter=\count326
\scratchdimen=\dimen197
\scratchbox=\box65
\nofMPsegments=\count327
\nofMParguments=\count328
\everyMPshowfont=\toks34
\MPscratchCnt=\count329
\MPscratchDim=\dimen198
\MPnumerator=\count330
\makeMPintoPDFobject=\count331
\everyMPtoPDFconversion=\toks35
) (/usr/local/texlive/2020/texmf-dist/tex/latex/epstopdf-pkg/epstopdf-base.sty
Package: epstopdf-base 2020-01-24 v2.11 Base part for package epstopdf
Package epstopdf-base Info: Redefining graphics rule for `.eps' on input line 4
85.

(/usr/local/texlive/2020/texmf-dist/tex/latex/latexconfig/epstopdf-sys.cfg
File: epstopdf-sys.cfg 2010/07/13 v1.3 Configuration of (r)epstopdf for TeX Liv
e
))
(/usr/local/texlive/2020/texmf-dist/tex/latex/translator/translator-basic-dicti
onary-English.dict
Dictionary: translator-basic-dictionary, Language: English 
)
(/usr/local/texlive/2020/texmf-dist/tex/latex/siunitx/siunitx-abbreviations.cfg
File: siunitx-abbreviations.cfg 2017/11/26 v2.7k siunitx: Abbreviated units
)
LaTeX Font Info:    Trying to load font information for U+msa on input line 57.

 (/usr/local/texlive/2020/texmf-dist/tex/latex/amsfonts/umsa.fd
File: umsa.fd 2013/01/14 v3.01 AMS symbols A
)
LaTeX Font Info:    Trying to load font information for U+msb on input line 57.


(/usr/local/texlive/2020/texmf-dist/tex/latex/amsfonts/umsb.fd
File: umsb.fd 2013/01/14 v3.01 AMS symbols B
)
(./tex/title.tex)
Underfull \hbox (badness 10000) in paragraph at lines 67--67

 []

[1{/usr/local/texlive/2020/texmf-var/fonts/map/pdftex/updmap/pdftex.map}]
[2] (./tex/dedicate.tex [3

]
Underfull \hbox (badness 10000) in paragraph at lines 5--6

 []


Underfull \hbox (badness 10000) in paragraph at lines 9--10

 []


Underfull \hbox (badness 10000) in paragraph at lines 13--14

 []

) (./tex/acknowledgements.tex [4

]) (./tex/vitae.tex [5

]) (./tex/abstract.tex
[6

] [7

]) [8] (./dissertation.toc [9

]
Overfull \hbox (1.52725pt too wide) in paragraph at lines 46--46
 [][] [][]\OT1/cmr/m/n/12 Healing and non-healing wounds ex-hibit sim-i-lar im-
me-di-ate re-sponse 
 []

[10])
\tf@toc=\write4
\openout4 = `dissertation.toc'.

 [11]

Package Fancyhdr Warning: \fancyhead's `E' option without twoside option is use
less on input line 85.

Chapter 1.
[1


] [2] [3] [4] [5] [6] [7] [8] [9] [10] [11] [12] [13] [14] [15] [16] [17]
Chapter 2.
[18

]

Package Fancyhdr Warning: \headheight is too small (18.06749pt): 
Make it at least 25.2842pt.
We now make it that large for the rest of the document.
This may cause the page layout to be inconsistent, however.

[19] [20]
Overfull \hbox (1.08865pt too wide) in paragraph at lines 218--218
[]\OT1/cmr/bx/n/14.4 Recovery of phage and bac-te-rial DNA re-leased from swabs
 
 []

<fig/C2fig1.pdf, id=824, 369.99641pt x 794.59929pt>
File: fig/C2fig1.pdf Graphic file (type pdf)
<use fig/C2fig1.pdf>
Package pdftex.def Info: fig/C2fig1.pdf  used on input line 223.
(pdftex.def)             Requested size: 225.84375pt x 485.03223pt.
[21] [22 <./fig/C2fig1.pdf>] [23]
<fig/C2fig2AB.pdf, id=858, 277.9986pt x 534.79799pt>
File: fig/C2fig2AB.pdf Graphic file (type pdf)
<use fig/C2fig2AB.pdf>
Package pdftex.def Info: fig/C2fig2AB.pdf  used on input line 235.
(pdftex.def)             Requested size: 271.01524pt x 521.4137pt.


LaTeX Warning: Command \textendash invalid in math mode on input line 242.

[24] [25 <./fig/C2fig2AB.pdf>]

LaTeX Warning: Command \textendash invalid in math mode on input line 244.

<fig/C2fig3ABC.pdf, id=882, 407.45827pt x 433.62pt>
File: fig/C2fig3ABC.pdf Graphic file (type pdf)
<use fig/C2fig3ABC.pdf>
Package pdftex.def Info: fig/C2fig3ABC.pdf  used on input line 250.
(pdftex.def)             Requested size: 451.6875pt x 480.70857pt.
[26] [27 <./fig/C2fig3ABC.pdf>]
<fig/C2fig4.pdf, id=902, 316.18124pt x 216.81pt>
File: fig/C2fig4.pdf Graphic file (type pdf)
<use fig/C2fig4.pdf>
Package pdftex.def Info: fig/C2fig4.pdf  used on input line 261.
(pdftex.def)             Requested size: 451.6875pt x 309.75143pt.
 [28] [29 <./fig/C2fig4.pdf>]
<fig/C2fig5ABCD.pdf, id=925, 419.166pt x 426.73024pt>
File: fig/C2fig5ABCD.pdf Graphic file (type pdf)
<use fig/C2fig5ABCD.pdf>
Package pdftex.def Info: fig/C2fig5ABCD.pdf  used on input line 279.
(pdftex.def)             Requested size: 451.6875pt x 459.84602pt.
 [30] [31 <./fig/C2fig5ABCD.pdf>]
<fig/C2fig6.pdf, id=945, 440.6061pt x 256.94394pt>
File: fig/C2fig6.pdf Graphic file (type pdf)
<use fig/C2fig6.pdf>
Package pdftex.def Info: fig/C2fig6.pdf  used on input line 292.
(pdftex.def)             Requested size: 451.6875pt x 263.41235pt.
 [32] [33 <./fig/C2fig6.pdf>]
<fig/C2fig7AB.pdf, id=980, 578.16pt x 1026.23402pt>
File: fig/C2fig7AB.pdf Graphic file (type pdf)
<use fig/C2fig7AB.pdf>
Package pdftex.def Info: fig/C2fig7AB.pdf  used on input line 301.
(pdftex.def)             Requested size: 271.01524pt x 481.04602pt.
<fig/C2figS2AB.pdf, id=984, 542.025pt x 271.0125pt>
File: fig/C2figS2AB.pdf Graphic file (type pdf)
<use fig/C2figS2AB.pdf>
Package pdftex.def Info: fig/C2figS2AB.pdf  used on input line 310.
(pdftex.def)             Requested size: 451.6875pt x 225.85007pt.
 [34] [35 <./fig/C2fig7AB.pdf>]
[36 <./fig/C2figS2AB.pdf>] [37] [38]

LaTeX Warning: Command \textendash invalid in math mode on input line 342.


LaTeX Warning: Command \textendash invalid in math mode on input line 342.

[39] [40] [41] [42] [43] [44] [45]
Overfull \hbox (17.24217pt too wide) in paragraph at lines 394--396
\OT1/cmr/m/n/12 set-tings [[]]. Read join-ing was per-formed with QI-IME's join
-ing script (join[]paired[]ends.py),
 []

[46] [47] [48]
Chapter 3.
[49

] [50] [51] [52]

LaTeX Warning: `h' float specifier changed to `ht'.

[53] [54]
<fig/C3figS2AB.pdf, id=1171, 5058.9pt x 2529.45pt>
File: fig/C3figS2AB.pdf Graphic file (type pdf)
<use fig/C3figS2AB.pdf>
Package pdftex.def Info: fig/C3figS2AB.pdf  used on input line 473.
(pdftex.def)             Requested size: 451.6875pt x 225.82664pt.
<fig/C3fig1.pdf, id=1172, 759.79861pt x 506.85359pt>
File: fig/C3fig1.pdf Graphic file (type pdf)
<use fig/C3fig1.pdf>
Package pdftex.def Info: fig/C3fig1.pdf  used on input line 480.
(pdftex.def)             Requested size: 451.6875pt x 301.3148pt.
 [55 <./fig/C3figS2AB.pdf>] [56 <./fig/C3fig1.pdf>]
<fig/C3figS3AB.pdf, id=1203, 7010.19pt x 3252.15pt>
File: fig/C3figS3AB.pdf Graphic file (type pdf)
<use fig/C3figS3AB.pdf>
Package pdftex.def Info: fig/C3figS3AB.pdf  used on input line 491.
(pdftex.def)             Requested size: 451.6875pt x 209.51146pt.
 [57 <./fig/C3figS3AB.pdf>]
<fig/C3figS4.pdf, id=1223, 578.16pt x 436.79988pt>
File: fig/C3figS4.pdf Graphic file (type pdf)
<use fig/C3figS4.pdf>
Package pdftex.def Info: fig/C3figS4.pdf  used on input line 501.
(pdftex.def)             Requested size: 451.6875pt x 341.24907pt.
<fig/C3figS4GH.pdf, id=1234, 3072.19768pt x 1534.29216pt>
File: fig/C3figS4GH.pdf Graphic file (type pdf)
<use fig/C3figS4GH.pdf>
Package pdftex.def Info: fig/C3figS4GH.pdf  used on input line 511.
(pdftex.def)             Requested size: 451.6875pt x 225.56868pt.
 [58] [59 <./fig/C3figS4.pdf>] [60 <./fig/C3figS4GH.pdf>] [61]
<fig/C3fig2.pdf, id=1282, 578.16pt x 579.33658pt>
File: fig/C3fig2.pdf Graphic file (type pdf)
<use fig/C3fig2.pdf>
Package pdftex.def Info: fig/C3fig2.pdf  used on input line 525.
(pdftex.def)             Requested size: 406.51599pt x 407.33618pt.
 [62]
[63 <./fig/C3fig2.pdf>]
<fig/C3fig3AB.pdf, id=1309, 792.65648pt x 404.75407pt>
File: fig/C3fig3AB.pdf Graphic file (type pdf)
<use fig/C3fig3AB.pdf>
Package pdftex.def Info: fig/C3fig3AB.pdf  used on input line 543.
(pdftex.def)             Requested size: 451.6875pt x 230.65045pt.
 [64 <./fig/C3fig3AB.pdf>]
<fig/C3fig3CD.pdf, id=1338, 794.97pt x 614.295pt>
File: fig/C3fig3CD.pdf Graphic file (type pdf)
<use fig/C3fig3CD.pdf>
Package pdftex.def Info: fig/C3fig3CD.pdf  used on input line 554.
(pdftex.def)             Requested size: 451.6875pt x 349.03635pt.
 [65] [66 <./fig/C3fig3CD.pdf>] [67]
<fig/C3fig4ACsq.pdf, id=1370, 7371.54pt x 7949.7pt>
File: fig/C3fig4ACsq.pdf Graphic file (type pdf)
<use fig/C3fig4ACsq.pdf>
Package pdftex.def Info: fig/C3fig4ACsq.pdf  used on input line 569.
(pdftex.def)             Requested size: 451.6875pt x 487.02954pt.
 [68] [69 <./fig/C3fig4ACsq.pdf>]
<fig/C3fig4DEF.pdf, id=1395, 12285.9pt x 10840.5pt>
File: fig/C3fig4DEF.pdf Graphic file (type pdf)
<use fig/C3fig4DEF.pdf>
Package pdftex.def Info: fig/C3fig4DEF.pdf  used on input line 583.
(pdftex.def)             Requested size: 451.6875pt x 398.47871pt.
 [70] [71 <./fig/C3fig4DEF.pdf>]
[72] [73]
Overfull \hbox (6.28236pt too wide) in paragraph at lines 608--609
[]\OT1/cmr/m/n/12 Other tax-o-nomic as-so-ci-a-tions with heal-ing out-comes we
re de-tected by only one method,
 []

[74] [75] [76] [77] [78] [79] [80] [81] [82]
Overfull \hbox (7.40634pt too wide) in paragraph at lines 658--659
\OT1/cmr/m/n/12 pre-debridement/unhealed, post-debridement/unhealed, pre-debrid
ement/healed, and pre-
 []

[83] [84]
Chapter 4.
[85

] [86] [87] [88] [89]
<fig/C4fig1.pdf, id=1603, 5637.06pt x 3974.85pt>
File: fig/C4fig1.pdf Graphic file (type pdf)
<use fig/C4fig1.pdf>
Package pdftex.def Info: fig/C4fig1.pdf  used on input line 696.
(pdftex.def)             Requested size: 451.6875pt x 318.4797pt.


LaTeX Warning: `h' float specifier changed to `ht'.


Overfull \hbox (3.72527pt too wide) in paragraph at lines 703--704
\OT1/cmr/m/n/12 'types' were \OT1/cmr/m/it/12 Pro-teus, Acti-nobac-u-lum, Pseu-
domonas, Staphy-lo-coc-cus, Salmonella, Yersinia\OT1/cmr/m/n/12 ,
 []

[90] [91 <./fig/C4fig1.pdf>]
<fig/C4fig2.pdf, id=1632, 578.16pt x 361.35pt>
File: fig/C4fig2.pdf Graphic file (type pdf)
<use fig/C4fig2.pdf>
Package pdftex.def Info: fig/C4fig2.pdf  used on input line 708.
(pdftex.def)             Requested size: 451.6875pt x 282.304pt.
<fig/C4fig3.pdf, id=1633, 578.16pt x 578.16pt>
File: fig/C4fig3.pdf Graphic file (type pdf)
<use fig/C4fig3.pdf>
Package pdftex.def Info: fig/C4fig3.pdf  used on input line 717.
(pdftex.def)             Requested size: 451.6875pt x 451.68639pt.
 [92 <./fig/C4fig2.pdf>] [93 <./fig/C4fig3.pdf>]
<fig/C4fig4.pdf, id=1664, 578.16pt x 325.215pt>
File: fig/C4fig4.pdf Graphic file (type pdf)
<use fig/C4fig4.pdf>
Package pdftex.def Info: fig/C4fig4.pdf  used on input line 730.
(pdftex.def)             Requested size: 451.6875pt x 254.0736pt.

[94 <./fig/C4fig4.pdf>]
<fig/C4fig5.pdf, id=1679, 11924.55pt x 6865.65pt>
File: fig/C4fig5.pdf Graphic file (type pdf)
<use fig/C4fig5.pdf>
Package pdftex.def Info: fig/C4fig5.pdf  used on input line 742.
(pdftex.def)             Requested size: 451.6875pt x 260.01741pt.
 [95] [96 <./fig/C4fig5.pdf>]
<fig/C4fig6.pdf, id=1708, 578.16pt x 520.34402pt>
File: fig/C4fig6.pdf Graphic file (type pdf)
<use fig/C4fig6.pdf>
Package pdftex.def Info: fig/C4fig6.pdf  used on input line 756.
(pdftex.def)             Requested size: 451.6875pt x 406.51776pt.


LaTeX Warning: No positions in optional float specifier.
               Default added (so using `tbp') on input line 762.


Overfull \hbox (3.33685pt too wide) in paragraph at lines 769--769
[]|\OT1/cmr/bx/n/10 Association| 
 []


Overfull \hbox (2.53961pt too wide) in paragraph at lines 769--770
[]|\OT1/cmr/bx/n/10 Ref.| 
 []


Underfull \hbox (badness 10000) in paragraph at lines 771--771
[]|\OT1/cmr/m/n/10 Pseudomonas
 []


Underfull \hbox (badness 10000) in paragraph at lines 771--771
[]|\OT1/cmr/m/it/10 Pseudomonas
 []


Overfull \hbox (1.52303pt too wide) in paragraph at lines 771--771
[]|\OT1/cmr/m/n/10 Temperate| 
 []


Overfull \hbox (2.49117pt too wide) in paragraph at lines 771--772
[]|\OT1/cmr/m/n/10 [[]]| 
 []


Underfull \hbox (badness 10000) in paragraph at lines 772--772
[]|\OT1/cmr/m/n/10 Pseudomonas
 []


Underfull \hbox (badness 10000) in paragraph at lines 772--772
[]|\OT1/cmr/m/it/10 Pseudomonas
 []


Overfull \hbox (1.52303pt too wide) in paragraph at lines 772--772
[]|\OT1/cmr/m/n/10 Temperate| 
 []


Overfull \hbox (2.49117pt too wide) in paragraph at lines 772--773
[]|\OT1/cmr/m/n/10 [[]]| 
 []


Underfull \hbox (badness 10000) in paragraph at lines 773--773
[]|\OT1/cmr/m/n/10 Pseudomonas
 []


Underfull \hbox (badness 10000) in paragraph at lines 773--773
[]|\OT1/cmr/m/it/10 Pseudomonas
 []


Overfull \hbox (1.52303pt too wide) in paragraph at lines 773--773
[]|\OT1/cmr/m/n/10 Temperate| 
 []


Underfull \hbox (badness 4378) in paragraph at lines 773--773
\OT1/cmr/m/n/10 ex-hibits CRISPR re-sis-
 []


Overfull \hbox (2.49117pt too wide) in paragraph at lines 773--774
[]|\OT1/cmr/m/n/10 [[]]| 
 []


Underfull \hbox (badness 3009) in paragraph at lines 774--774
[]|\OT1/cmr/m/n/10 Salmonella phage
 []


Underfull \hbox (badness 10000) in paragraph at lines 774--774
[]|\OT1/cmr/m/it/10 Salmonella
 []


Underfull \hbox (badness 10000) in paragraph at lines 774--774
\OT1/cmr/m/it/10 en-ter-ica
 []


Underfull \hbox (badness 10000) in paragraph at lines 774--774
\OT1/cmr/m/it/10 subsp. en-
 []


Overfull \hbox (1.52303pt too wide) in paragraph at lines 774--774
[]|\OT1/cmr/m/n/10 Temperate| 
 []


Underfull \hbox (badness 10000) in paragraph at lines 774--774
[]|\OT1/cmr/m/n/10 P22/Lambdoid phage
 []


Underfull \hbox (badness 3989) in paragraph at lines 774--774
\OT1/cmr/m/n/10 (po-ten-tial con-tam-i-nant);
 []


Underfull \hbox (badness 10000) in paragraph at lines 774--774
\OT1/cmr/m/n/10 al-ters \OT1/cmr/m/it/10 Salmonella spp.
 []


Overfull \hbox (2.49117pt too wide) in paragraph at lines 774--775
[]|\OT1/cmr/m/n/10 [[]]| 
 []


Underfull \hbox (badness 10000) in paragraph at lines 775--775
[]|\OT1/cmr/m/n/10 Staphylococcus
 []


Underfull \hbox (badness 10000) in paragraph at lines 775--775
[]|\OT1/cmr/m/it/10 Staphylococcus
 []


Overfull \hbox (1.52303pt too wide) in paragraph at lines 775--775
[]|\OT1/cmr/m/n/10 Temperate| 
 []


Overfull \hbox (2.49117pt too wide) in paragraph at lines 775--776
[]|\OT1/cmr/m/n/10 [[]]| 
 []


Underfull \hbox (badness 10000) in paragraph at lines 776--776
[]|\OT1/cmr/m/n/10 Staphylococcus
 []


Underfull \hbox (badness 10000) in paragraph at lines 776--776
\OT1/cmr/m/n/10 phage
 []


Underfull \hbox (badness 10000) in paragraph at lines 776--776
[]|\OT1/cmr/m/it/10 Staphylococcus
 []


Overfull \hbox (1.52303pt too wide) in paragraph at lines 776--776
[]|\OT1/cmr/m/n/10 Temperate| 
 []


Overfull \hbox (2.49117pt too wide) in paragraph at lines 776--777
[]|\OT1/cmr/m/n/10 [[]]| 
 []


Underfull \hbox (badness 10000) in paragraph at lines 777--777
[]|\OT1/cmr/m/n/10 Staphylococcus
 []


Underfull \hbox (badness 10000) in paragraph at lines 777--777
[]|\OT1/cmr/m/it/10 Staphylococcus
 []


Underfull \hbox (badness 10000) in paragraph at lines 777--777
\OT1/cmr/m/it/10 epi-der-midis\OT1/cmr/m/n/10 ;
 []


Underfull \hbox (badness 10000) in paragraph at lines 777--777
\OT1/cmr/m/it/10 Staphy-lo-coc-cus
 []


Overfull \hbox (1.52303pt too wide) in paragraph at lines 777--777
[]|\OT1/cmr/m/n/10 Temperate| 
 []


Overfull \hbox (2.49117pt too wide) in paragraph at lines 777--778
[]|\OT1/cmr/m/n/10 [[]]| 
 []


Underfull \hbox (badness 10000) in paragraph at lines 778--778
[]|\OT1/cmr/m/n/10 Staphylococcus
 []


Underfull \hbox (badness 10000) in paragraph at lines 778--778
[]|\OT1/cmr/m/it/10 Staphylococcus
 []


Overfull \hbox (1.52303pt too wide) in paragraph at lines 778--778
[]|\OT1/cmr/m/n/10 Temperate| 
 []


Overfull \hbox (2.49117pt too wide) in paragraph at lines 778--779
[]|\OT1/cmr/m/n/10 [[]]| 
 []


Underfull \hbox (badness 10000) in paragraph at lines 779--779
[]|\OT1/cmr/m/n/10 Staphylococcus
 []


Underfull \hbox (badness 10000) in paragraph at lines 779--779
[]|\OT1/cmr/m/it/10 Staphylococcus
 []


Overfull \hbox (2.49117pt too wide) in paragraph at lines 779--780
[]|\OT1/cmr/m/n/10 [[]]| 
 []


Underfull \hbox (badness 10000) in paragraph at lines 780--780
[]|\OT1/cmr/m/n/10 Staphylococcus
 []


Underfull \hbox (badness 10000) in paragraph at lines 780--780
[]|\OT1/cmr/m/it/10 Staphylococcus
 []


Overfull \hbox (2.49117pt too wide) in paragraph at lines 780--781
[]|\OT1/cmr/m/n/10 [[]]| 
 []


Underfull \hbox (badness 10000) in paragraph at lines 781--781
[]|\OT1/cmr/m/n/10 Staphylococcus
 []


Underfull \hbox (badness 10000) in paragraph at lines 781--781
[]|\OT1/cmr/m/it/10 Staphylococcus
 []


Overfull \hbox (1.52303pt too wide) in paragraph at lines 781--781
[]|\OT1/cmr/m/n/10 Temperate| 
 []


Overfull \hbox (2.49117pt too wide) in paragraph at lines 781--782
[]|\OT1/cmr/m/n/10 [[]]| 
 []


Underfull \hbox (badness 10000) in paragraph at lines 782--782
[]|\OT1/cmr/m/n/10 Staphylococcus
 []


Underfull \hbox (badness 10000) in paragraph at lines 782--782
[]|\OT1/cmr/m/it/10 Staphylococcus
 []


Overfull \hbox (1.52303pt too wide) in paragraph at lines 782--782
[]|\OT1/cmr/m/n/10 Temperate| 
 []


Overfull \hbox (2.49117pt too wide) in paragraph at lines 782--783
[]|\OT1/cmr/m/n/10 [[]]| 
 []


Underfull \hbox (badness 10000) in paragraph at lines 785--785
[]|\OT1/cmr/m/n/10 Enterobacter
 []


Underfull \hbox (badness 10000) in paragraph at lines 785--785
[]|\OT1/cmr/m/it/10 Enterobacter
 []


Overfull \hbox (2.49117pt too wide) in paragraph at lines 785--786
[]|\OT1/cmr/m/n/10 [[]]| 
 []


Underfull \hbox (badness 10000) in paragraph at lines 786--786
[]|\OT1/cmr/m/n/10 Enterococcus
 []


Underfull \hbox (badness 10000) in paragraph at lines 786--786
\OT1/cmr/m/n/10 phage
 []


Underfull \hbox (badness 10000) in paragraph at lines 786--786
[]|\OT1/cmr/m/it/10 Enterococcus
 []


Overfull \hbox (1.52303pt too wide) in paragraph at lines 786--786
[]|\OT1/cmr/m/n/10 Temperate| 
 []


Overfull \hbox (2.49117pt too wide) in paragraph at lines 786--787
[]|\OT1/cmr/m/n/10 [[]]| 
 []


Underfull \hbox (badness 10000) in paragraph at lines 787--787
[]|\OT1/cmr/m/n/10 Staphylococcus
 []


Underfull \hbox (badness 10000) in paragraph at lines 787--787
[]|\OT1/cmr/m/it/10 Staphylococcus
 []


Overfull \hbox (1.52303pt too wide) in paragraph at lines 787--787
[]|\OT1/cmr/m/n/10 Temperate| 
 []


Overfull \hbox (2.49117pt too wide) in paragraph at lines 787--788
[]|\OT1/cmr/m/n/10 [[]]| 
 []


Underfull \hbox (badness 10000) in paragraph at lines 788--788
[]|\OT1/cmr/m/n/10 Staphylococcus
 []


Underfull \hbox (badness 10000) in paragraph at lines 788--788
[]|\OT1/cmr/m/it/10 Staphylococcus
 []


Overfull \hbox (1.52303pt too wide) in paragraph at lines 788--788
[]|\OT1/cmr/m/n/10 Temperate| 
 []


Overfull \hbox (2.49117pt too wide) in paragraph at lines 788--789
[]|\OT1/cmr/m/n/10 [[]]| 
 []


Underfull \hbox (badness 10000) in paragraph at lines 789--789
[]|\OT1/cmr/m/n/10 Staphylococcus
 []


Underfull \hbox (badness 10000) in paragraph at lines 789--789
[]|\OT1/cmr/m/it/10 Staphylococcus
 []


Overfull \hbox (1.52303pt too wide) in paragraph at lines 789--789
[]|\OT1/cmr/m/n/10 Temperate| 
 []


Overfull \hbox (2.49117pt too wide) in paragraph at lines 789--790
[]|\OT1/cmr/m/n/10 [[]]| 
 []


Underfull \hbox (badness 10000) in paragraph at lines 790--790
[]|\OT1/cmr/m/n/10 Streptococcus
 []


Overfull \hbox (2.49117pt too wide) in paragraph at lines 790--791
[]|\OT1/cmr/m/n/10 [[]]| 
 []

[97] [98 <./fig/C4fig6.pdf>] [99]
<fig/C4fig7.pdf, id=1770, 578.16pt x 481.8pt>
File: fig/C4fig7.pdf Graphic file (type pdf)
<use fig/C4fig7.pdf>
Package pdftex.def Info: fig/C4fig7.pdf  used on input line 811.
(pdftex.def)             Requested size: 451.6875pt x 376.40532pt.
 [100] [101 <./fig/C4fig7.pdf>] [102] [103]
[104] [105] [106] [107] [108] [109] [110] [111] [112] [113] [114]
Chapter 5.
[115

] [116] [117]
Appendix A.
[118

]

LaTeX Warning: `h' float specifier changed to `ht'.

[119

] [120]
<fig/C3figS1AD.pdf, id=1948, 469.755pt x 307.1475pt>
File: fig/C3figS1AD.pdf Graphic file (type pdf)
<use fig/C3figS1AD.pdf>
Package pdftex.def Info: fig/C3figS1AD.pdf  used on input line 987.
(pdftex.def)             Requested size: 406.51599pt x 265.80078pt.
<fig/C3figS5.pdf, id=1949, 3613.5pt x 4818.0pt>
File: fig/C3figS5.pdf Graphic file (type pdf)
<use fig/C3figS5.pdf>
Package pdftex.def Info: fig/C3figS5.pdf  used on input line 995.
(pdftex.def)             Requested size: 406.51599pt x 541.96486pt.


LaTeX Warning: `h' float specifier changed to `ht'.

<fig/C3figS1E.pdf, id=1950, 459.7175pt x 194.7275pt>
File: fig/C3figS1E.pdf Graphic file (type pdf)
<use fig/C3figS1E.pdf>
Package pdftex.def Info: fig/C3figS1E.pdf  used on input line 1003.
(pdftex.def)             Requested size: 451.6875pt x 191.33675pt.

LaTeX Warning: `h' float specifier changed to `ht'.

<fig/C3figS6ABC.pdf, id=1951, 440.84702pt x 158.99399pt>
File: fig/C3figS6ABC.pdf Graphic file (type pdf)
<use fig/C3figS6ABC.pdf>
Package pdftex.def Info: fig/C3figS6ABC.pdf  used on input line 1011.
(pdftex.def)             Requested size: 451.6875pt x 162.90437pt.

LaTeX Warning: `h' float specifier changed to `ht'.

<fig/C3figS7.pdf, id=1952, 459.7175pt x 258.9675pt>
File: fig/C3figS7.pdf Graphic file (type pdf)
<use fig/C3figS7.pdf>
Package pdftex.def Info: fig/C3figS7.pdf  used on input line 1019.
(pdftex.def)             Requested size: 451.6875pt x 254.45815pt.

LaTeX Warning: `h' float specifier changed to `ht'.

<fig/C3figS8AB.pdf, id=1953, 791.26083pt x 340.60057pt>
File: fig/C3figS8AB.pdf Graphic file (type pdf)
<use fig/C3figS8AB.pdf>
Package pdftex.def Info: fig/C3figS8AB.pdf  used on input line 1027.
(pdftex.def)             Requested size: 451.6875pt x 194.43018pt.

LaTeX Warning: `h' float specifier changed to `ht'.

<fig/C3figS9ABC.pdf, id=1954, 16060.0pt x 6504.3pt>
File: fig/C3figS9ABC.pdf Graphic file (type pdf)
<use fig/C3figS9ABC.pdf>
Package pdftex.def Info: fig/C3figS9ABC.pdf  used on input line 1035.
(pdftex.def)             Requested size: 451.6875pt x 182.91313pt.

LaTeX Warning: `h' float specifier changed to `ht'.

<fig/C3figS9DE.pdf, id=1955, 527.9725pt x 343.2825pt>
File: fig/C3figS9DE.pdf Graphic file (type pdf)
<use fig/C3figS9DE.pdf>
Package pdftex.def Info: fig/C3figS9DE.pdf  used on input line 1043.
(pdftex.def)             Requested size: 451.6875pt x 293.68243pt.

LaTeX Warning: `h' float specifier changed to `ht'.

<fig/C3figS10.pdf, id=1956, 361.35pt x 342.27875pt>
File: fig/C3figS10.pdf Graphic file (type pdf)
<use fig/C3figS10.pdf>
Package pdftex.def Info: fig/C3figS10.pdf  used on input line 1051.
(pdftex.def)             Requested size: 406.51599pt x 385.06262pt.

LaTeX Warning: `h' float specifier changed to `ht'.

<fig/C3figS11.pdf, id=1957, 953.96402pt x 1571.8725pt>
File: fig/C3figS11.pdf Graphic file (type pdf)
<use fig/C3figS11.pdf>
Package pdftex.def Info: fig/C3figS11.pdf  used on input line 1059.
(pdftex.def)             Requested size: 316.17987pt x 520.9741pt.

LaTeX Warning: Float too large for page by 9.01247pt on input line 1062.


LaTeX Warning: `h' float specifier changed to `ht'.

<fig/C4figS1.pdf, id=1958, 9636.0pt x 4818.0pt>
File: fig/C4figS1.pdf Graphic file (type pdf)
<use fig/C4figS1.pdf>
Package pdftex.def Info: fig/C4figS1.pdf  used on input line 1067.
(pdftex.def)             Requested size: 451.6875pt x 225.8432pt.

LaTeX Warning: `h' float specifier changed to `ht'.

<fig/C4figS2.pdf, id=1959, 578.16pt x 469.755pt>
File: fig/C4figS2.pdf Graphic file (type pdf)
<use fig/C4figS2.pdf>
Package pdftex.def Info: fig/C4figS2.pdf  used on input line 1075.
(pdftex.def)             Requested size: 451.6875pt x 366.9952pt.
<fig/C4figSneglist.pdf, id=1960, 578.16pt x 693.792pt>
File: fig/C4figSneglist.pdf Graphic file (type pdf)
<use fig/C4figSneglist.pdf>
Package pdftex.def Info: fig/C4figSneglist.pdf  used on input line 1083.
(pdftex.def)             Requested size: 406.51599pt x 487.81071pt.
<fig/C4figS3.pdf, id=1961, 578.16pt x 476.54839pt>
File: fig/C4figS3.pdf Graphic file (type pdf)
<use fig/C4figS3.pdf>
Package pdftex.def Info: fig/C4figS3.pdf  used on input line 1091.
(pdftex.def)             Requested size: 361.35136pt x 297.842pt.
<fig/C4figS4.pdf, id=1962, 7949.7pt x 4697.55pt>
File: fig/C4figS4.pdf Graphic file (type pdf)
<use fig/C4figS4.pdf>
Package pdftex.def Info: fig/C4figS4.pdf  used on input line 1099.
(pdftex.def)             Requested size: 451.6875pt x 266.85999pt.

LaTeX Warning: `h' float specifier changed to `ht'.

<fig/C4figS5.pdf, id=1963, 578.16pt x 867.24pt>
File: fig/C4figS5.pdf Graphic file (type pdf)
<use fig/C4figS5.pdf>
Package pdftex.def Info: fig/C4figS5.pdf  used on input line 1107.
(pdftex.def)             Requested size: 361.35136pt x 542.02368pt.

LaTeX Warning: `h' float specifier changed to `ht'.

<fig/C4figS6.pdf, id=1964, 578.16pt x 520.34402pt>
File: fig/C4figS6.pdf Graphic file (type pdf)
<use fig/C4figS6.pdf>
Package pdftex.def Info: fig/C4figS6.pdf  used on input line 1115.
(pdftex.def)             Requested size: 451.6875pt x 406.51776pt.

LaTeX Warning: `h' float specifier changed to `ht'.

[121

 <./fig/C3figS1AD.pdf>] [122 <./fig/C3figS5.pdf>] [123 <./fig/C3figS1E.pdf> <./
fig/C3figS6ABC.pdf>] [124 <./fig/C3figS7.pdf>] [125 <./fig/C3figS8AB.pdf> <./fi
g/C3figS9ABC.pdf>] [126 <./fig/C3figS9DE.pdf>] [127 <./fig/C3figS10.pdf>]
[128 <./fig/C3figS11.pdf>] [129 <./fig/C4figS1.pdf>] [130 <./fig/C4figS2.pdf>]
[131 <./fig/C4figSneglist.pdf>] [132 <./fig/C4figS3.pdf>] [133 <./fig/C4figS4.p
df>] [134 <./fig/C4figS5.pdf>] [135 <./fig/C4figS6.pdf>] [136

]
(./dissertation.bbl [137

] [138

] [139] [140] [141] [142] [143] [144] [145]
[146] [147] [148] [149] [150] [151] [152] [153] [154])

Package caption Warning: Unused \captionsetup[table] on input line 49.
See the caption package documentation for explanation.

Package atveryend Info: Empty hook `BeforeClearDocument' on input line 1162.
[155]
Package atveryend Info: Empty hook `AfterLastShipout' on input line 1162.
 (./dissertation.aux)
Package atveryend Info: Executing hook `AtVeryEndDocument' on input line 1162.
Package atveryend Info: Executing hook `AtEndAfterFileList' on input line 1162.

Package rerunfilecheck Info: File `dissertation.out' has not changed.
(rerunfilecheck)             Checksum: CE06AB74FE4975E5BA53B997F8130042;7756.
Package atveryend Info: Empty hook `AtVeryVeryEnd' on input line 1162.
 ) 
Here is how much of TeX's memory you used:
 18962 strings out of 480608
 345177 string characters out of 5903631
 698103 words of memory out of 5000000
 33977 multiletter control sequences out of 15000+600000
 549592 words of font info for 89 fonts, out of 8000000 for 9000
 1141 hyphenation exceptions out of 8191
 51i,26n,46p,3520b,1521s stack positions out of 5000i,500n,10000p,200000b,80000s
{/usr/local/texlive/2020/texmf-dist/fonts/enc/dvips/cm-super/cm-super-ts1.enc
}</usr/local/texlive/2020/texmf-dist/fonts/type1/public/amsfonts/cm/cmbx10.pfb>
</usr/local/texlive/2020/texmf-dist/fonts/type1/public/amsfonts/cm/cmbx12.pfb><
/usr/local/texlive/2020/texmf-dist/fonts/type1/public/amsfonts/cm/cmcsc10.pfb><
/usr/local/texlive/2020/texmf-dist/fonts/type1/public/amsfonts/cm/cmmi10.pfb></
usr/local/texlive/2020/texmf-dist/fonts/type1/public/amsfonts/cm/cmmi12.pfb></u
sr/local/texlive/2020/texmf-dist/fonts/type1/public/amsfonts/cm/cmmi8.pfb></usr
/local/texlive/2020/texmf-dist/fonts/type1/public/amsfonts/cm/cmr10.pfb></usr/l
ocal/texlive/2020/texmf-dist/fonts/type1/public/amsfonts/cm/cmr12.pfb></usr/loc
al/texlive/2020/texmf-dist/fonts/type1/public/amsfonts/cm/cmr17.pfb></usr/local
/texlive/2020/texmf-dist/fonts/type1/public/amsfonts/cm/cmr7.pfb></usr/local/te
xlive/2020/texmf-dist/fonts/type1/public/amsfonts/cm/cmr8.pfb></usr/local/texli
ve/2020/texmf-dist/fonts/type1/public/amsfonts/cm/cmss10.pfb></usr/local/texliv
e/2020/texmf-dist/fonts/type1/public/amsfonts/cm/cmsy10.pfb></usr/local/texlive
/2020/texmf-dist/fonts/type1/public/amsfonts/cm/cmsy8.pfb></usr/local/texlive/2
020/texmf-dist/fonts/type1/public/amsfonts/cm/cmti10.pfb></usr/local/texlive/20
20/texmf-dist/fonts/type1/public/amsfonts/cm/cmti12.pfb></usr/local/texlive/202
0/texmf-dist/fonts/type1/public/cm-super/sfrm1095.pfb></usr/local/texlive/2020/
texmf-dist/fonts/type1/public/cm-super/sfrm1200.pfb>
Output written on dissertation.pdf (166 pages, 170966527 bytes).
PDF statistics:
 2434 PDF objects out of 2487 (max. 8388607)
 2058 compressed objects within 21 object streams
 485 named destinations out of 1000 (max. 500000)
 931 words of extra memory for PDF output out of 10000 (max. 10000000)

